%!Adobe-FontList 1.14
%Locale:0x409

%BeginFont
Handler:DirectoryHandler
FontType:Invalid
OutlineFileName:C:\Users\ScottyV\Documents\GitHub\MyWebsiteFiles\Site Main\Font\roboto\Roboto-Bold.eot
FileModTime:1493126694
%EndFont

%BeginFont
Handler:DirectoryHandler
FontType:TrueType
FontName:Roboto-Bold
FamilyName:Roboto
StyleName:Bold
FullName:Roboto Bold
MenuName:Roboto
StyleBits:2
WritingScript:Roman
OutlineFileName:C:\Users\ScottyV\Documents\GitHub\MyWebsiteFiles\Site Main\Font\roboto\Roboto-Bold.ttf
DataFormat:sfntData
FileLength:127744
FileModTime:1493126694
WeightClass:700
WidthClass:5
AngleClass:0
%EndFont

%BeginFont
Handler:DirectoryHandler
FontType:Invalid
OutlineFileName:C:\Users\ScottyV\Documents\GitHub\MyWebsiteFiles\Site Main\Font\roboto\Roboto-Bold.woff
FileModTime:1493126694
%EndFont

%BeginFont
Handler:DirectoryHandler
FontType:Invalid
OutlineFileName:C:\Users\ScottyV\Documents\GitHub\MyWebsiteFiles\Site Main\Font\roboto\Roboto-Bold.woff2
FileModTime:1493126694
%EndFont

%BeginFont
Handler:DirectoryHandler
FontType:Invalid
OutlineFileName:C:\Users\ScottyV\Documents\GitHub\MyWebsiteFiles\Site Main\Font\roboto\Roboto-Light.eot
FileModTime:1493126694
%EndFont

%BeginFont
Handler:DirectoryHandler
FontType:TrueType
FontName:Roboto-Light
FamilyName:Roboto
StyleName:Light
FullName:Roboto Light
MenuName:Roboto
StyleBits:0
WritingScript:Roman
OutlineFileName:C:\Users\ScottyV\Documents\GitHub\MyWebsiteFiles\Site Main\Font\roboto\Roboto-Light.ttf
DataFormat:sfntData
FileLength:126792
FileModTime:1493126694
WeightClass:300
WidthClass:5
AngleClass:0
%EndFont

%BeginFont
Handler:DirectoryHandler
FontType:Invalid
OutlineFileName:C:\Users\ScottyV\Documents\GitHub\MyWebsiteFiles\Site Main\Font\roboto\Roboto-Light.woff
FileModTime:1493126694
%EndFont

%BeginFont
Handler:DirectoryHandler
FontType:Invalid
OutlineFileName:C:\Users\ScottyV\Documents\GitHub\MyWebsiteFiles\Site Main\Font\roboto\Roboto-Light.woff2
FileModTime:1493126694
%EndFont

%BeginFont
Handler:DirectoryHandler
FontType:Invalid
OutlineFileName:C:\Users\ScottyV\Documents\GitHub\MyWebsiteFiles\Site Main\Font\roboto\Roboto-Medium.eot
FileModTime:1493126694
%EndFont

%BeginFont
Handler:DirectoryHandler
FontType:TrueType
FontName:Roboto-Medium
FamilyName:Roboto
StyleName:Medium
FullName:Roboto Medium
MenuName:Roboto
StyleBits:0
WritingScript:Roman
OutlineFileName:C:\Users\ScottyV\Documents\GitHub\MyWebsiteFiles\Site Main\Font\roboto\Roboto-Medium.ttf
DataFormat:sfntData
FileLength:127488
FileModTime:1493126694
WeightClass:500
WidthClass:5
AngleClass:0
%EndFont

%BeginFont
Handler:DirectoryHandler
FontType:Invalid
OutlineFileName:C:\Users\ScottyV\Documents\GitHub\MyWebsiteFiles\Site Main\Font\roboto\Roboto-Medium.woff
FileModTime:1493126694
%EndFont

%BeginFont
Handler:DirectoryHandler
FontType:Invalid
OutlineFileName:C:\Users\ScottyV\Documents\GitHub\MyWebsiteFiles\Site Main\Font\roboto\Roboto-Medium.woff2
FileModTime:1493126694
%EndFont

%BeginFont
Handler:DirectoryHandler
FontType:Invalid
OutlineFileName:C:\Users\ScottyV\Documents\GitHub\MyWebsiteFiles\Site Main\Font\roboto\Roboto-Regular.eot
FileModTime:1493126692
%EndFont

%BeginFont
Handler:DirectoryHandler
FontType:TrueType
FontName:Roboto-Regular
FamilyName:Roboto
StyleName:Regular
FullName:Roboto Regular
MenuName:Roboto
StyleBits:0
WritingScript:Roman
OutlineFileName:C:\Users\ScottyV\Documents\GitHub\MyWebsiteFiles\Site Main\Font\roboto\Roboto-Regular.ttf
DataFormat:sfntData
FileLength:126072
FileModTime:1493126692
WeightClass:400
WidthClass:5
AngleClass:0
%EndFont

%BeginFont
Handler:DirectoryHandler
FontType:Invalid
OutlineFileName:C:\Users\ScottyV\Documents\GitHub\MyWebsiteFiles\Site Main\Font\roboto\Roboto-Regular.woff
FileModTime:1493126692
%EndFont

%BeginFont
Handler:DirectoryHandler
FontType:Invalid
OutlineFileName:C:\Users\ScottyV\Documents\GitHub\MyWebsiteFiles\Site Main\Font\roboto\Roboto-Regular.woff2
FileModTime:1493126692
%EndFont

%BeginFont
Handler:DirectoryHandler
FontType:Invalid
OutlineFileName:C:\Users\ScottyV\Documents\GitHub\MyWebsiteFiles\Site Main\Font\roboto\Roboto-Thin.eot
FileModTime:1493126692
%EndFont

%BeginFont
Handler:DirectoryHandler
FontType:TrueType
FontName:Roboto-Thin
FamilyName:Roboto
StyleName:Thin
FullName:Roboto Thin
MenuName:Roboto
StyleBits:0
WritingScript:Roman
OutlineFileName:C:\Users\ScottyV\Documents\GitHub\MyWebsiteFiles\Site Main\Font\roboto\Roboto-Thin.ttf
DataFormat:sfntData
FileLength:127584
FileModTime:1493126692
WeightClass:250
WidthClass:5
AngleClass:0
%EndFont

%BeginFont
Handler:DirectoryHandler
FontType:Invalid
OutlineFileName:C:\Users\ScottyV\Documents\GitHub\MyWebsiteFiles\Site Main\Font\roboto\Roboto-Thin.woff
FileModTime:1493126692
%EndFont

%BeginFont
Handler:DirectoryHandler
FontType:Invalid
OutlineFileName:C:\Users\ScottyV\Documents\GitHub\MyWebsiteFiles\Site Main\Font\roboto\Roboto-Thin.woff2
FileModTime:1493126692
%EndFont

%BeginFont
Handler:DirectoryHandler
FontType:TrueType
FontName:Riesling
FamilyName:Riesling
StyleName:Regular
FullName:Riesling
MenuName:Riesling
StyleBits:0
WritingScript:Roman
OutlineFileName:C:\Users\ScottyV\Documents\GitHub\MyWebsiteFiles\Site Main\Font\riesling\riesling.ttf
DataFormat:sfntData
FileLength:45744
FileModTime:1493126692
WeightClass:400
WidthClass:5
AngleClass:0
%EndFont

%BeginFont
Handler:DirectoryHandler
FontType:TrueType
FontName:Play-Bold
FamilyName:Play
StyleName:Bold
FullName:Play-Bold
MenuName:Play
StyleBits:2
WritingScript:Roman
OutlineFileName:C:\Users\ScottyV\Documents\GitHub\MyWebsiteFiles\Site Main\Font\play\Play-Bold.ttf
DataFormat:sfntData
FileLength:170232
FileModTime:1493126692
WeightClass:700
WidthClass:5
AngleClass:0
%EndFont

%BeginFont
Handler:DirectoryHandler
FontType:TrueType
FontName:Play
FamilyName:Play
StyleName:Regular
FullName:Play
MenuName:Play
StyleBits:0
WritingScript:Roman
OutlineFileName:C:\Users\ScottyV\Documents\GitHub\MyWebsiteFiles\Site Main\Font\play\play.ttf
DataFormat:sfntData
FileLength:171084
FileModTime:1493126692
WeightClass:400
WidthClass:5
AngleClass:0
%EndFont

